<?xml version="1.0" encoding="UTF-8"?>
<!-- Generated by org.testng.reporters.JUnitReportReporter -->
<testsuite hostname="Nilmie" name="Runner.TestRunner" tests="1" failures="0" timestamp="28 Oct 2018 07:59:16 GMT" time="16.535" errors="0">
  <testcase name="feature" time="16.535" classname="Runner.TestRunner"/>
</testsuite> <!-- Runner.TestRunner -->
